<?xml version="1.0" encoding="UTF-8"?>
<testng-results ignored="0" total="2" passed="2" failed="0" skipped="0">
  <reporter-output>
  </reporter-output>
  <suite started-at="2021-07-31T02:05:19 IST" name="Default suite" finished-at="2021-07-31T02:06:06 IST" duration-ms="46690">
    <groups>
    </groups>
    <test started-at="2021-07-31T02:05:19 IST" name="Default test" finished-at="2021-07-31T02:06:06 IST" duration-ms="46690">
      <class name="MyTests.HomePageTest">
        <test-method is-config="true" signature="setup()[pri:0, instance:MyTests.HomePageTest@b62d79]" started-at="2021-07-31T02:05:19 IST" name="setup" finished-at="2021-07-31T02:06:04 IST" duration-ms="45476" status="PASS">
          <reporter-output>
          </reporter-output>
        </test-method> <!-- setup -->
        <test-method signature="contactFooterTest()[pri:0, instance:MyTests.HomePageTest@b62d79]" started-at="2021-07-31T02:06:04 IST" name="contactFooterTest" finished-at="2021-07-31T02:06:04 IST" duration-ms="79" status="PASS">
          <reporter-output>
          </reporter-output>
        </test-method> <!-- contactFooterTest -->
        <test-method signature="headerTest()[pri:0, instance:MyTests.HomePageTest@b62d79]" started-at="2021-07-31T02:06:04 IST" name="headerTest" finished-at="2021-07-31T02:06:05 IST" duration-ms="55" status="PASS">
          <reporter-output>
          </reporter-output>
        </test-method> <!-- headerTest -->
        <test-method is-config="true" signature="teardown()[pri:0, instance:MyTests.HomePageTest@b62d79]" started-at="2021-07-31T02:06:05 IST" name="teardown" finished-at="2021-07-31T02:06:06 IST" duration-ms="1037" status="PASS">
          <reporter-output>
          </reporter-output>
        </test-method> <!-- teardown -->
      </class> <!-- MyTests.HomePageTest -->
    </test> <!-- Default test -->
  </suite> <!-- Default suite -->
</testng-results>
